--- Simulation Started: Logging to simulation.log ---
Simulation Init: Wind is blowing NW (-1, -1)
Fire started at (18, 11)
Fire started at (11, 22)
Fire started at (21, 4)
Dispatch: Fire (10, 22) -> Bot 0
Dispatch: Fire (21, 4) -> Bot 1
[Learn] Label:1 Pred:0.94 -> NewWeights:[ 0.502  0.501  0.503  0.503 -0.5   -0.303  1.003]
[Learn] Label:1 Pred:0.90 -> NewWeights:[ 0.505  0.502  0.508  0.508 -0.5   -0.3    1.008]
[Learn] Label:1 Pred:0.90 -> NewWeights:[ 0.508  0.502  0.513  0.513 -0.5   -0.297  1.013]
[Learn] Label:0 Pred:0.90 -> NewWeights:[ 0.477  0.497  0.468  0.468 -0.5   -0.326  0.968]

==================================================
 FRAME: 200 | GEN: 1 | INDIVIDUAL: 1
--------------------------------------------------
[ENV] Active Fires: 0 | Total Extinguished: 8
[BOT] Idle: 3 | Stranded: 0 | Moving: 0
[GA ] Radius: 5 | Penalty: 2500.0 | IdleSum (ч┤пшобщЧ▓ч╜о): 495
[ML ] Weights Snapshot:
      Prox: 0.477 | Sev: 0.497 | Wind: -0.326
      Bat : 0.468 | Wat: 0.468 | Obs : -0.500
==================================================

[GA Eval] Gen 1: Ext:8, SevBonus:14.0, Stranded:0
[System] ЁЯУ╕ Chart saved to plots/gen_1_frame_200.png

==================================================
 FRAME: 400 | GEN: 1 | INDIVIDUAL: 2
--------------------------------------------------
[ENV] Active Fires: 0 | Total Extinguished: 8
[BOT] Idle: 3 | Stranded: 0 | Moving: 0
[GA ] Radius: 5 | Penalty: 1630.8 | IdleSum (ч┤пшобщЧ▓ч╜о): 600
[ML ] Weights Snapshot:
      Prox: 0.477 | Sev: 0.497 | Wind: -0.326
      Bat : 0.468 | Wat: 0.468 | Obs : -0.500
==================================================

[GA Eval] Gen 1: Ext:0, SevBonus:0.0, Stranded:0
[System] ЁЯУ╕ Chart saved to plots/gen_1_frame_400.png

==================================================
 FRAME: 600 | GEN: 1 | INDIVIDUAL: 3
--------------------------------------------------
[ENV] Active Fires: 0 | Total Extinguished: 8
[BOT] Idle: 3 | Stranded: 0 | Moving: 0
[GA ] Radius: 2 | Penalty: 2785.2 | IdleSum (ч┤пшобщЧ▓ч╜о): 600
[ML ] Weights Snapshot:
      Prox: 0.477 | Sev: 0.497 | Wind: -0.326
      Bat : 0.468 | Wat: 0.468 | Obs : -0.500
==================================================

[GA Eval] Gen 1: Ext:0, SevBonus:0.0, Stranded:0
[System] ЁЯУ╕ Chart saved to plots/gen_1_frame_600.png

==================================================
 FRAME: 800 | GEN: 1 | INDIVIDUAL: 4
--------------------------------------------------
[ENV] Active Fires: 0 | Total Extinguished: 8
[BOT] Idle: 3 | Stranded: 0 | Moving: 0
[GA ] Radius: 6 | Penalty: 1723.8 | IdleSum (ч┤пшобщЧ▓ч╜о): 600
[ML ] Weights Snapshot:
      Prox: 0.477 | Sev: 0.497 | Wind: -0.326
      Bat : 0.468 | Wat: 0.468 | Obs : -0.500
==================================================

[GA Eval] Gen 1: Ext:0, SevBonus:0.0, Stranded:0
[System] ЁЯУ╕ Chart saved to plots/gen_1_frame_800.png
--- Generation 1 Complete ---
Best Genome: Penalty=2500.0, Radius=5, Score=160.0
Spontaneous ignition at (0, 13)!
Dispatch: Fire (0, 13) -> Bot 1
[Learn] Label:0 Pred:0.93 -> NewWeights:[ 0.44   0.492  0.421  0.421 -0.508 -0.279  0.921]
Spontaneous ignition at (35, 23)!
Dispatch: Fire (35, 22) -> Bot 0
[Learn] Label:1 Pred:0.91 -> NewWeights:[ 0.441  0.493  0.426  0.426 -0.508 -0.282  0.926]
[Learn] Label:0 Pred:0.91 -> NewWeights:[ 0.423  0.478  0.38   0.38  -0.508 -0.252  0.88 ]

==================================================
 FRAME: 1000 | GEN: 2 | INDIVIDUAL: 1
--------------------------------------------------
[ENV] Active Fires: 0 | Total Extinguished: 14
[BOT] Idle: 3 | Stranded: 0 | Moving: 0
[GA ] Radius: 5 | Penalty: 2500.0 | IdleSum (ч┤пшобщЧ▓ч╜о): 1014
[ML ] Weights Snapshot:
      Prox: 0.423 | Sev: 0.478 | Wind: -0.252
      Bat : 0.380 | Wat: 0.380 | Obs : -0.508
==================================================

[GA Eval] Gen 2: Ext:6, SevBonus:25.0, Stranded:0
[System] ЁЯУ╕ Chart saved to plots/gen_2_frame_1000.png
Spontaneous ignition at (11, 9)!
Dispatch: Fire (8, 7) -> Bot 1
Dispatch: Fire (11, 9) -> Bot 2
[Learn] Label:1 Pred:0.92 -> NewWeights:[ 0.426  0.48   0.384  0.384 -0.508 -0.256  0.884]
[Learn] Label:1 Pred:0.92 -> NewWeights:[ 0.429  0.482  0.388  0.388 -0.508 -0.26   0.888]
[Learn] Label:1 Pred:0.87 -> NewWeights:[ 0.433  0.483  0.395  0.395 -0.508 -0.258  0.895]
Spontaneous ignition at (19, 22)!

==================================================
 FRAME: 1200 | GEN: 2 | INDIVIDUAL: 2
--------------------------------------------------
[ENV] Active Fires: 3 | Total Extinguished: 21
[BOT] Idle: 3 | Stranded: 0 | Moving: 0
[GA ] Radius: 4 | Penalty: 2469.1 | IdleSum (ч┤пшобщЧ▓ч╜о): 523
[ML ] Weights Snapshot:
      Prox: 0.433 | Sev: 0.483 | Wind: -0.258
      Bat : 0.395 | Wat: 0.395 | Obs : -0.508
==================================================

[GA Eval] Gen 2: Ext:7, SevBonus:15.0, Stranded:0
[System] ЁЯУ╕ Chart saved to plots/gen_2_frame_1200.png
Dispatch: Fire (18, 20) -> Bot 1
Spontaneous ignition at (20, 11)!
Dispatch: Fire (19, 10) -> Bot 2
[Learn] Label:0 Pred:0.91 -> NewWeights:[ 0.412  0.458  0.349  0.349 -0.513 -0.213  0.849]
[Learn] Label:0 Pred:0.90 -> NewWeights:[ 0.4    0.438  0.304  0.304 -0.513 -0.2    0.804]
Dispatch: Fire (21, 10) -> Bot 0
Dispatch: Fire (19, 20) -> Bot 1
[Learn] Label:1 Pred:0.83 -> NewWeights:[ 0.404  0.443  0.313  0.313 -0.512 -0.2    0.813]
[Learn] Label:1 Pred:0.83 -> NewWeights:[ 0.408  0.447  0.321  0.321 -0.511 -0.2    0.821]
[Learn] Label:1 Pred:0.88 -> NewWeights:[ 0.411  0.45   0.327  0.327 -0.511 -0.202  0.827]
[Learn] Label:1 Pred:0.88 -> NewWeights:[ 0.415  0.453  0.333  0.333 -0.511 -0.204  0.833]
[Learn] Label:1 Pred:0.88 -> NewWeights:[ 0.418  0.455  0.339  0.339 -0.511 -0.206  0.839]
[Learn] Label:0 Pred:0.89 -> NewWeights:[ 0.4    0.436  0.3    0.3   -0.511 -0.2    0.795]
Spontaneous ignition at (25, 25)!

==================================================
 FRAME: 1400 | GEN: 2 | INDIVIDUAL: 3
--------------------------------------------------
[ENV] Active Fires: 1 | Total Extinguished: 43
[BOT] Idle: 3 | Stranded: 0 | Moving: 0
[GA ] Radius: 4 | Penalty: 2500.0 | IdleSum (ч┤пшобщЧ▓ч╜о): 383
[ML ] Weights Snapshot:
      Prox: 0.400 | Sev: 0.436 | Wind: -0.200
      Bat : 0.300 | Wat: 0.300 | Obs : -0.511
      тЪая╕П  WARNING: Resource weights near floor (Risk of Stranding)
==================================================

[GA Eval] Gen 2: Ext:22, SevBonus:61.0, Stranded:0
[System] ЁЯУ╕ Chart saved to plots/gen_2_frame_1400.png
Spontaneous ignition at (10, 5)!
Dispatch: Fire (10, 5) -> Bot 2
[Learn] Label:0 Pred:0.88 -> NewWeights:[ 0.4    0.426  0.3    0.3   -0.511 -0.2    0.751]
Spontaneous ignition at (7, 27)!

==================================================
 FRAME: 1600 | GEN: 2 | INDIVIDUAL: 4
--------------------------------------------------
[ENV] Active Fires: 1 | Total Extinguished: 46
[BOT] Idle: 3 | Stranded: 0 | Moving: 0
[GA ] Radius: 4 | Penalty: 2500.0 | IdleSum (ч┤пшобщЧ▓ч╜о): 548
[ML ] Weights Snapshot:
      Prox: 0.400 | Sev: 0.426 | Wind: -0.200
      Bat : 0.300 | Wat: 0.300 | Obs : -0.511
      тЪая╕П  WARNING: Resource weights near floor (Risk of Stranding)
==================================================

[GA Eval] Gen 2: Ext:3, SevBonus:4.0, Stranded:0
[System] ЁЯУ╕ Chart saved to plots/gen_2_frame_1600.png
--- Generation 2 Complete ---
Best Genome: Penalty=2500.0, Radius=4, Score=440.0
Dispatch: Fire (7, 27) -> Bot 2
[Learn] Label:1 Pred:0.86 -> NewWeights:[ 0.403  0.428  0.307  0.307 -0.511 -0.207  0.758]
Spontaneous ignition at (25, 3)!
Dispatch: Fire (23, 1) -> Bot 0

==================================================
 FRAME: 1800 | GEN: 3 | INDIVIDUAL: 1
--------------------------------------------------
[ENV] Active Fires: 20 | Total Extinguished: 51
[BOT] Idle: 2 | Stranded: 0 | Moving: 1
[GA ] Radius: 4 | Penalty: 2500.0 | IdleSum (ч┤пшобщЧ▓ч╜о): 941
[ML ] Weights Snapshot:
      Prox: 0.403 | Sev: 0.428 | Wind: -0.207
      Bat : 0.307 | Wat: 0.307 | Obs : -0.511
      тЪая╕П  WARNING: Resource weights near floor (Risk of Stranding)
==================================================

[GA Eval] Gen 3: Ext:5, SevBonus:71.0, Stranded:0
[System] ЁЯУ╕ Chart saved to plots/gen_3_frame_1800.png
[Learn] Label:1 Pred:0.87 -> NewWeights:[ 0.408  0.434  0.313  0.313 -0.511 -0.201  0.764]
[Learn] Label:1 Pred:0.88 -> NewWeights:[ 0.413  0.44   0.319  0.319 -0.511 -0.2    0.77 ]
[Learn] Label:1 Pred:0.88 -> NewWeights:[ 0.417  0.446  0.325  0.325 -0.511 -0.2    0.776]
[Learn] Label:0 Pred:0.88 -> NewWeights:[ 0.4    0.402  0.3    0.3   -0.511 -0.238  0.733]
Spontaneous ignition at (38, 3)!
Spontaneous ignition at (33, 25)!
Dispatch: Fire (32, 24) -> Bot 0
[Learn] Label:1 Pred:0.87 -> NewWeights:[ 0.404  0.405  0.307  0.307 -0.511 -0.242  0.739]
[Learn] Label:1 Pred:0.87 -> NewWeights:[ 0.407  0.408  0.313  0.313 -0.511 -0.246  0.746]
[Learn] Label:1 Pred:0.87 -> NewWeights:[ 0.411  0.411  0.319  0.319 -0.511 -0.249  0.752]
[Learn] Label:1 Pred:0.87 -> NewWeights:[ 0.414  0.414  0.326  0.326 -0.511 -0.253  0.758]
[Learn] Label:1 Pred:0.88 -> NewWeights:[ 0.418  0.416  0.332  0.332 -0.511 -0.256  0.765]

==================================================
 FRAME: 2000 | GEN: 3 | INDIVIDUAL: 2
--------------------------------------------------
[ENV] Active Fires: 0 | Total Extinguished: 82
[BOT] Idle: 3 | Stranded: 0 | Moving: 0
[GA ] Radius: 4 | Penalty: 2500.0 | IdleSum (ч┤пшобщЧ▓ч╜о): 518
[ML ] Weights Snapshot:
      Prox: 0.418 | Sev: 0.416 | Wind: -0.256
      Bat : 0.332 | Wat: 0.332 | Obs : -0.511
==================================================

[GA Eval] Gen 3: Ext:31, SevBonus:98.0, Stranded:0
[System] ЁЯУ╕ Chart saved to plots/gen_3_frame_2000.png
Spontaneous ignition at (23, 21)!
Dispatch: Fire (23, 21) -> Bot 2
[Learn] Label:1 Pred:0.87 -> NewWeights:[ 0.421  0.419  0.338  0.338 -0.511 -0.259  0.771]
[Learn] Label:1 Pred:0.88 -> NewWeights:[ 0.425  0.421  0.344  0.344 -0.511 -0.262  0.777]

==================================================
 FRAME: 2200 | GEN: 3 | INDIVIDUAL: 3
--------------------------------------------------
[ENV] Active Fires: 0 | Total Extinguished: 86
[BOT] Idle: 3 | Stranded: 0 | Moving: 0
[GA ] Radius: 4 | Penalty: 2420.6 | IdleSum (ч┤пшобщЧ▓ч╜о): 522
[ML ] Weights Snapshot:
      Prox: 0.425 | Sev: 0.421 | Wind: -0.262
      Bat : 0.344 | Wat: 0.344 | Obs : -0.511
==================================================

[GA Eval] Gen 3: Ext:4, SevBonus:8.0, Stranded:0
[System] ЁЯУ╕ Chart saved to plots/gen_3_frame_2200.png

==================================================
 FRAME: 2400 | GEN: 3 | INDIVIDUAL: 4
--------------------------------------------------
[ENV] Active Fires: 0 | Total Extinguished: 86
[BOT] Idle: 3 | Stranded: 0 | Moving: 0
[GA ] Radius: 4 | Penalty: 2850.6 | IdleSum (ч┤пшобщЧ▓ч╜о): 600
[ML ] Weights Snapshot:
      Prox: 0.425 | Sev: 0.421 | Wind: -0.262
      Bat : 0.344 | Wat: 0.344 | Obs : -0.511
==================================================

[GA Eval] Gen 3: Ext:0, SevBonus:0.0, Stranded:0
[System] ЁЯУ╕ Chart saved to plots/gen_3_frame_2400.png
--- Generation 3 Complete ---
Best Genome: Penalty=2500.0, Radius=4, Score=620.0

==================================================
 FRAME: 2600 | GEN: 4 | INDIVIDUAL: 1
--------------------------------------------------
[ENV] Active Fires: 0 | Total Extinguished: 86
[BOT] Idle: 3 | Stranded: 0 | Moving: 0
[GA ] Radius: 4 | Penalty: 2500.0 | IdleSum (ч┤пшобщЧ▓ч╜о): 1118
[ML ] Weights Snapshot:
      Prox: 0.425 | Sev: 0.421 | Wind: -0.262
      Bat : 0.344 | Wat: 0.344 | Obs : -0.511
==================================================

[GA Eval] Gen 4: Ext:0, SevBonus:98.0, Stranded:0
[System] ЁЯУ╕ Chart saved to plots/gen_4_frame_2600.png

==================================================
 FRAME: 2800 | GEN: 4 | INDIVIDUAL: 2
--------------------------------------------------
[ENV] Active Fires: 0 | Total Extinguished: 86
[BOT] Idle: 3 | Stranded: 0 | Moving: 0
[GA ] Radius: 4 | Penalty: 2500.0 | IdleSum (ч┤пшобщЧ▓ч╜о): 600
[ML ] Weights Snapshot:
      Prox: 0.425 | Sev: 0.421 | Wind: -0.262
      Bat : 0.344 | Wat: 0.344 | Obs : -0.511
==================================================

[GA Eval] Gen 4: Ext:0, SevBonus:0.0, Stranded:0
[System] ЁЯУ╕ Chart saved to plots/gen_4_frame_2800.png

==================================================
 FRAME: 3000 | GEN: 4 | INDIVIDUAL: 3
--------------------------------------------------
[ENV] Active Fires: 0 | Total Extinguished: 86
[BOT] Idle: 3 | Stranded: 0 | Moving: 0
[GA ] Radius: 4 | Penalty: 2975.4 | IdleSum (ч┤пшобщЧ▓ч╜о): 600
[ML ] Weights Snapshot:
      Prox: 0.425 | Sev: 0.421 | Wind: -0.262
      Bat : 0.344 | Wat: 0.344 | Obs : -0.511
==================================================

[GA Eval] Gen 4: Ext:0, SevBonus:0.0, Stranded:0
[System] ЁЯУ╕ Chart saved to plots/gen_4_frame_3000.png
Spontaneous ignition at (25, 20)!
Dispatch: Fire (24, 19) -> Bot 0

==================================================
 FRAME: 3200 | GEN: 4 | INDIVIDUAL: 4
--------------------------------------------------
[ENV] Active Fires: 3 | Total Extinguished: 86
[BOT] Idle: 2 | Stranded: 0 | Moving: 1
[GA ] Radius: 4 | Penalty: 2500.0 | IdleSum (ч┤пшобщЧ▓ч╜о): 579
[ML ] Weights Snapshot:
      Prox: 0.425 | Sev: 0.421 | Wind: -0.262
      Bat : 0.344 | Wat: 0.344 | Obs : -0.511
==================================================

[GA Eval] Gen 4: Ext:0, SevBonus:0.0, Stranded:0
[System] ЁЯУ╕ Chart saved to plots/gen_4_frame_3200.png
--- Generation 4 Complete ---
Best Genome: Penalty=2500.0, Radius=4, Score=0.0
[Learn] Label:1 Pred:0.83 -> NewWeights:[ 0.43   0.422  0.353  0.353 -0.511 -0.253  0.785]
[Learn] Label:1 Pred:0.83 -> NewWeights:[ 0.435  0.424  0.361  0.361 -0.511 -0.245  0.794]
Spontaneous ignition at (17, 24)!

==================================================
 FRAME: 3400 | GEN: 5 | INDIVIDUAL: 1
--------------------------------------------------
[ENV] Active Fires: 3 | Total Extinguished: 89
[BOT] Idle: 3 | Stranded: 0 | Moving: 0
[GA ] Radius: 4 | Penalty: 2500.0 | IdleSum (ч┤пшобщЧ▓ч╜о): 1689
[ML ] Weights Snapshot:
      Prox: 0.435 | Sev: 0.424 | Wind: -0.245
      Bat : 0.361 | Wat: 0.361 | Obs : -0.511
==================================================

[GA Eval] Gen 5: Ext:3, SevBonus:103.0, Stranded:0
[System] ЁЯУ╕ Chart saved to plots/gen_5_frame_3400.png
Spontaneous ignition at (38, 22)!
Spontaneous ignition at (11, 0)!
Dispatch: Fire (17, 24) -> Bot 0
[Learn] Label:1 Pred:0.84 -> NewWeights:[ 0.44   0.427  0.369  0.369 -0.511 -0.237  0.801]
[Learn] Label:1 Pred:0.85 -> NewWeights:[ 0.445  0.429  0.376  0.376 -0.511 -0.23   0.809]
Dispatch: Fire (36, 22) -> Bot 1
[Learn] Label:1 Pred:0.87 -> NewWeights:[ 0.45   0.432  0.382  0.382 -0.511 -0.224  0.815]
[Learn] Label:0 Pred:0.87 -> NewWeights:[ 0.413  0.413  0.34   0.34  -0.511 -0.266  0.772]
Dispatch: Fire (11, 0) -> Bot 0
[Learn] Label:0 Pred:0.83 -> NewWeights:[ 0.4    0.409  0.3    0.3   -0.511 -0.285  0.732]

==================================================
 FRAME: 3600 | GEN: 5 | INDIVIDUAL: 2
--------------------------------------------------
[ENV] Active Fires: 0 | Total Extinguished: 98
[BOT] Idle: 3 | Stranded: 0 | Moving: 0
[GA ] Radius: 4 | Penalty: 2914.9 | IdleSum (ч┤пшобщЧ▓ч╜о): 493
[ML ] Weights Snapshot:
      Prox: 0.400 | Sev: 0.409 | Wind: -0.285
      Bat : 0.300 | Wat: 0.300 | Obs : -0.511
      тЪая╕П  WARNING: Resource weights near floor (Risk of Stranding)
==================================================

[GA Eval] Gen 5: Ext:9, SevBonus:16.0, Stranded:0
[System] ЁЯУ╕ Chart saved to plots/gen_5_frame_3600.png
Spontaneous ignition at (13, 0)!
Dispatch: Fire (12, 0) -> Bot 0
[Learn] Label:1 Pred:0.88 -> NewWeights:[ 0.405  0.41   0.306  0.306 -0.511 -0.29   0.737]
[Learn] Label:1 Pred:0.89 -> NewWeights:[ 0.409  0.411  0.311  0.311 -0.511 -0.296  0.743]

==================================================
 FRAME: 3800 | GEN: 5 | INDIVIDUAL: 3
--------------------------------------------------
[ENV] Active Fires: 0 | Total Extinguished: 100
[BOT] Idle: 3 | Stranded: 0 | Moving: 0
[GA ] Radius: 4 | Penalty: 2316.3 | IdleSum (ч┤пшобщЧ▓ч╜о): 561
[ML ] Weights Snapshot:
      Prox: 0.409 | Sev: 0.411 | Wind: -0.296
      Bat : 0.311 | Wat: 0.311 | Obs : -0.511
==================================================

[GA Eval] Gen 5: Ext:2, SevBonus:3.0, Stranded:0
[System] ЁЯУ╕ Chart saved to plots/gen_5_frame_3800.png
Spontaneous ignition at (15, 5)!
Dispatch: Fire (15, 5) -> Bot 0
[Learn] Label:0 Pred:0.88 -> NewWeights:[ 0.4    0.397  0.3    0.3   -0.52  -0.253  0.7  ]
Dispatch: Fire (12, 5) -> Bot 0
[Learn] Label:1 Pred:0.83 -> NewWeights:[ 0.408  0.399  0.308  0.307 -0.52  -0.249  0.708]

==================================================
 FRAME: 4000 | GEN: 5 | INDIVIDUAL: 4
--------------------------------------------------
[ENV] Active Fires: 0 | Total Extinguished: 107
[BOT] Idle: 3 | Stranded: 0 | Moving: 0
[GA ] Radius: 3 | Penalty: 2738.1 | IdleSum (ч┤пшобщЧ▓ч╜о): 562
[ML ] Weights Snapshot:
      Prox: 0.408 | Sev: 0.399 | Wind: -0.249
      Bat : 0.308 | Wat: 0.307 | Obs : -0.520
      тЪая╕П  WARNING: Resource weights near floor (Risk of Stranding)
==================================================

[GA Eval] Gen 5: Ext:7, SevBonus:14.0, Stranded:0
[System] ЁЯУ╕ Chart saved to plots/gen_5_frame_4000.png
--- Generation 5 Complete ---
Best Genome: Penalty=2914.9, Radius=4, Score=180.0
Spontaneous ignition at (1, 4)!
Dispatch: Fire (1, 4) -> Bot 0
[Learn] Label:0 Pred:0.89 -> NewWeights:[ 0.4    0.384  0.3    0.3   -0.52  -0.205  0.665]
Spontaneous ignition at (29, 26)!
Dispatch: Fire (29, 26) -> Bot 0

==================================================
 FRAME: 4200 | GEN: 6 | INDIVIDUAL: 1
--------------------------------------------------
[ENV] Active Fires: 8 | Total Extinguished: 111
[BOT] Idle: 2 | Stranded: 0 | Moving: 1
[GA ] Radius: 4 | Penalty: 2914.9 | IdleSum (ч┤пшобщЧ▓ч╜о): 1085
[ML ] Weights Snapshot:
      Prox: 0.400 | Sev: 0.384 | Wind: -0.205
      Bat : 0.300 | Wat: 0.300 | Obs : -0.520
      тЪая╕П  WARNING: Resource weights near floor (Risk of Stranding)
==================================================

[GA Eval] Gen 6: Ext:4, SevBonus:24.0, Stranded:0
[System] ЁЯУ╕ Chart saved to plots/gen_6_frame_4200.png
Dispatch: Fire (25, 28) -> Bot 1
[Learn] Label:1 Pred:0.84 -> NewWeights:[ 0.402  0.387  0.308  0.308 -0.52  -0.213  0.673]
[Learn] Label:1 Pred:0.83 -> NewWeights:[ 0.408  0.391  0.316  0.316 -0.52  -0.205  0.681]
[Learn] Label:1 Pred:0.84 -> NewWeights:[ 0.414  0.396  0.324  0.324 -0.52  -0.2    0.689]
[Learn] Label:1 Pred:0.85 -> NewWeights:[ 0.416  0.398  0.331  0.331 -0.52  -0.207  0.696]
[Learn] Label:0 Pred:0.86 -> NewWeights:[ 0.407  0.384  0.3    0.3   -0.52  -0.2    0.654]
Spontaneous ignition at (9, 8)!
Spontaneous ignition at (0, 2)!
Dispatch: Fire (26, 26) -> Bot 0
[Learn] Label:1 Pred:0.80 -> NewWeights:[ 0.414  0.385  0.31   0.31  -0.52  -0.2    0.664]
Dispatch: Fire (8, 8) -> Bot 0
[Learn] Label:1 Pred:0.81 -> NewWeights:[ 0.419  0.389  0.318  0.319 -0.52  -0.2    0.673]
[Learn] Label:1 Pred:0.81 -> NewWeights:[ 0.423  0.393  0.327  0.328 -0.52  -0.2    0.682]

==================================================
 FRAME: 4400 | GEN: 6 | INDIVIDUAL: 2
--------------------------------------------------
[ENV] Active Fires: 1 | Total Extinguished: 132
[BOT] Idle: 3 | Stranded: 0 | Moving: 0
[GA ] Radius: 4 | Penalty: 3367.5 | IdleSum (ч┤пшобщЧ▓ч╜о): 441
[ML ] Weights Snapshot:
      Prox: 0.423 | Sev: 0.393 | Wind: -0.200
      Bat : 0.327 | Wat: 0.328 | Obs : -0.520
==================================================

[GA Eval] Gen 6: Ext:21, SevBonus:53.0, Stranded:0
[System] ЁЯУ╕ Chart saved to plots/gen_6_frame_4400.png
Dispatch: Fire (0, 2) -> Bot 0
[Learn] Label:1 Pred:0.80 -> NewWeights:[ 0.431  0.395  0.334  0.336 -0.52  -0.2    0.692]

==================================================
 FRAME: 4600 | GEN: 6 | INDIVIDUAL: 3
--------------------------------------------------
[ENV] Active Fires: 0 | Total Extinguished: 133
[BOT] Idle: 3 | Stranded: 0 | Moving: 0
[GA ] Radius: 4 | Penalty: 2914.9 | IdleSum (ч┤пшобщЧ▓ч╜о): 587
[ML ] Weights Snapshot:
      Prox: 0.431 | Sev: 0.395 | Wind: -0.200
      Bat : 0.334 | Wat: 0.336 | Obs : -0.520
==================================================

[GA Eval] Gen 6: Ext:1, SevBonus:1.0, Stranded:0
[System] ЁЯУ╕ Chart saved to plots/gen_6_frame_4600.png
Spontaneous ignition at (36, 27)!
Dispatch: Fire (35, 26) -> Bot 1

==================================================
 FRAME: 4800 | GEN: 6 | INDIVIDUAL: 4
--------------------------------------------------
[ENV] Active Fires: 6 | Total Extinguished: 133
[BOT] Idle: 2 | Stranded: 0 | Moving: 1
[GA ] Radius: 3 | Penalty: 2663.6 | IdleSum (ч┤пшобщЧ▓ч╜о): 599
[ML ] Weights Snapshot:
      Prox: 0.431 | Sev: 0.395 | Wind: -0.200
      Bat : 0.334 | Wat: 0.336 | Obs : -0.520
==================================================

[GA Eval] Gen 6: Ext:0, SevBonus:0.0, Stranded:0
[System] ЁЯУ╕ Chart saved to plots/gen_6_frame_4800.png
--- Generation 6 Complete ---
Best Genome: Penalty=3367.5, Radius=4, Score=420.0
[Learn] Label:1 Pred:0.85 -> NewWeights:[ 0.438  0.399  0.341  0.343 -0.52  -0.2    0.699]
[Learn] Label:0 Pred:0.86 -> NewWeights:[ 0.4    0.375  0.3    0.301 -0.52  -0.242  0.657]

==================================================
 FRAME: 5000 | GEN: 7 | INDIVIDUAL: 1
--------------------------------------------------
[ENV] Active Fires: 0 | Total Extinguished: 139
[BOT] Idle: 3 | Stranded: 0 | Moving: 0
[GA ] Radius: 4 | Penalty: 3367.5 | IdleSum (ч┤пшобщЧ▓ч╜о): 1027
[ML ] Weights Snapshot:
      Prox: 0.400 | Sev: 0.375 | Wind: -0.242
      Bat : 0.300 | Wat: 0.301 | Obs : -0.520
      тЪая╕П  WARNING: Resource weights near floor (Risk of Stranding)
==================================================

[GA Eval] Gen 7: Ext:6, SevBonus:67.0, Stranded:0
[System] ЁЯУ╕ Chart saved to plots/gen_7_frame_5000.png
Spontaneous ignition at (8, 19)!
Dispatch: Fire (8, 19) -> Bot 0
[Learn] Label:1 Pred:0.87 -> NewWeights:[ 0.404  0.377  0.306  0.307 -0.52  -0.248  0.664]

==================================================
 FRAME: 5200 | GEN: 7 | INDIVIDUAL: 2
--------------------------------------------------
[ENV] Active Fires: 0 | Total Extinguished: 143
[BOT] Idle: 3 | Stranded: 0 | Moving: 0
[GA ] Radius: 4 | Penalty: 3367.5 | IdleSum (ч┤пшобщЧ▓ч╜о): 557
[ML ] Weights Snapshot:
      Prox: 0.404 | Sev: 0.377 | Wind: -0.248
      Bat : 0.306 | Wat: 0.307 | Obs : -0.520
      тЪая╕П  WARNING: Resource weights near floor (Risk of Stranding)
==================================================

[GA Eval] Gen 7: Ext:4, SevBonus:10.0, Stranded:0
[System] ЁЯУ╕ Chart saved to plots/gen_7_frame_5200.png
Spontaneous ignition at (0, 14)!

==================================================
 FRAME: 5400 | GEN: 7 | INDIVIDUAL: 3
--------------------------------------------------
[ENV] Active Fires: 1 | Total Extinguished: 143
[BOT] Idle: 3 | Stranded: 0 | Moving: 0
[GA ] Radius: 3 | Penalty: 3367.5 | IdleSum (ч┤пшобщЧ▓ч╜о): 600
[ML ] Weights Snapshot:
      Prox: 0.404 | Sev: 0.377 | Wind: -0.248
      Bat : 0.306 | Wat: 0.307 | Obs : -0.520
      тЪая╕П  WARNING: Resource weights near floor (Risk of Stranding)
==================================================

[GA Eval] Gen 7: Ext:0, SevBonus:0.0, Stranded:0
[System] ЁЯУ╕ Chart saved to plots/gen_7_frame_5400.png
Dispatch: Fire (0, 14) -> Bot 0
[Learn] Label:1 Pred:0.80 -> NewWeights:[ 0.412  0.379  0.316  0.317 -0.52  -0.239  0.674]

==================================================
 FRAME: 5600 | GEN: 7 | INDIVIDUAL: 4
--------------------------------------------------
[ENV] Active Fires: 0 | Total Extinguished: 144
[BOT] Idle: 3 | Stranded: 0 | Moving: 0
[GA ] Radius: 4 | Penalty: 2951.5 | IdleSum (ч┤пшобщЧ▓ч╜о): 569
[ML ] Weights Snapshot:
      Prox: 0.412 | Sev: 0.379 | Wind: -0.239
      Bat : 0.316 | Wat: 0.317 | Obs : -0.520
==================================================

[GA Eval] Gen 7: Ext:1, SevBonus:1.0, Stranded:0
[System] ЁЯУ╕ Chart saved to plots/gen_7_frame_5600.png
--- Generation 7 Complete ---
Best Genome: Penalty=3367.5, Radius=4, Score=120.0

==================================================
 FRAME: 5800 | GEN: 8 | INDIVIDUAL: 1
--------------------------------------------------
[ENV] Active Fires: 0 | Total Extinguished: 144
[BOT] Idle: 3 | Stranded: 0 | Moving: 0
[GA ] Radius: 4 | Penalty: 3367.5 | IdleSum (ч┤пшобщЧ▓ч╜о): 1627
[ML ] Weights Snapshot:
      Prox: 0.412 | Sev: 0.379 | Wind: -0.239
      Bat : 0.316 | Wat: 0.317 | Obs : -0.520
==================================================

[GA Eval] Gen 8: Ext:0, SevBonus:67.0, Stranded:0
[System] ЁЯУ╕ Chart saved to plots/gen_8_frame_5800.png

==================================================
 FRAME: 6000 | GEN: 8 | INDIVIDUAL: 2
--------------------------------------------------
[ENV] Active Fires: 0 | Total Extinguished: 144
[BOT] Idle: 3 | Stranded: 0 | Moving: 0
[GA ] Radius: 3 | Penalty: 2972.3 | IdleSum (ч┤пшобщЧ▓ч╜о): 600
[ML ] Weights Snapshot:
      Prox: 0.412 | Sev: 0.379 | Wind: -0.239
      Bat : 0.316 | Wat: 0.317 | Obs : -0.520
==================================================

[GA Eval] Gen 8: Ext:0, SevBonus:0.0, Stranded:0
[System] ЁЯУ╕ Chart saved to plots/gen_8_frame_6000.png

==================================================
 FRAME: 6200 | GEN: 8 | INDIVIDUAL: 3
--------------------------------------------------
[ENV] Active Fires: 0 | Total Extinguished: 144
[BOT] Idle: 3 | Stranded: 0 | Moving: 0
[GA ] Radius: 3 | Penalty: 3439.3 | IdleSum (ч┤пшобщЧ▓ч╜о): 600
[ML ] Weights Snapshot:
      Prox: 0.412 | Sev: 0.379 | Wind: -0.239
      Bat : 0.316 | Wat: 0.317 | Obs : -0.520
==================================================

[GA Eval] Gen 8: Ext:0, SevBonus:0.0, Stranded:0
[System] ЁЯУ╕ Chart saved to plots/gen_8_frame_6200.png
Spontaneous ignition at (2, 24)!
Dispatch: Fire (2, 23) -> Bot 0
[Learn] Label:0 Pred:0.89 -> NewWeights:[ 0.4    0.35   0.3    0.3   -0.52  -0.2    0.631]
Spontaneous ignition at (35, 28)!

==================================================
 FRAME: 6400 | GEN: 8 | INDIVIDUAL: 4
--------------------------------------------------
[ENV] Active Fires: 3 | Total Extinguished: 151
[BOT] Idle: 3 | Stranded: 0 | Moving: 0
[GA ] Radius: 4 | Penalty: 3367.5 | IdleSum (ч┤пшобщЧ▓ч╜о): 570
[ML ] Weights Snapshot:
      Prox: 0.400 | Sev: 0.350 | Wind: -0.200
      Bat : 0.300 | Wat: 0.300 | Obs : -0.520
      тЪая╕П  WARNING: Resource weights near floor (Risk of Stranding)
==================================================

[GA Eval] Gen 8: Ext:7, SevBonus:22.0, Stranded:0
[System] ЁЯУ╕ Chart saved to plots/gen_8_frame_6400.png
--- Generation 8 Complete ---
Best Genome: Penalty=3367.5, Radius=4, Score=140.0
Spontaneous ignition at (7, 25)!
Dispatch: Fire (35, 27) -> Bot 0
Dispatch: Fire (32, 29) -> Bot 1
[Learn] Label:1 Pred:0.82 -> NewWeights:[ 0.408  0.354  0.309  0.309 -0.52  -0.2    0.639]
[Learn] Label:0 Pred:0.83 -> NewWeights:[ 0.4    0.336  0.3    0.3   -0.52  -0.24   0.599]
[Learn] Label:0 Pred:0.85 -> NewWeights:[ 0.4    0.322  0.3    0.3   -0.52  -0.204  0.558]
Dispatch: Fire (3, 20) -> Bot 1
Dispatch: Fire (6, 24) -> Bot 2
[Learn] Label:1 Pred:0.78 -> NewWeights:[ 0.405  0.327  0.311  0.311 -0.52  -0.2    0.568]
[Learn] Label:1 Pred:0.77 -> NewWeights:[ 0.409  0.333  0.322  0.322 -0.518 -0.2    0.579]
[Learn] Label:1 Pred:0.78 -> NewWeights:[ 0.413  0.339  0.333  0.333 -0.516 -0.2    0.59 ]
[Learn] Label:0 Pred:0.78 -> NewWeights:[ 0.4    0.318  0.3    0.3   -0.524 -0.238  0.552]
Spontaneous ignition at (13, 7)!
Dispatch: Fire (13, 7) -> Bot 2
[Learn] Label:0 Pred:0.77 -> NewWeights:[ 0.4    0.314  0.3    0.3   -0.532 -0.247  0.515]

==================================================
 FRAME: 6600 | GEN: 9 | INDIVIDUAL: 1
--------------------------------------------------
[ENV] Active Fires: 10 | Total Extinguished: 182
[BOT] Idle: 3 | Stranded: 0 | Moving: 0
[GA ] Radius: 4 | Penalty: 3367.5 | IdleSum (ч┤пшобщЧ▓ч╜о): 983
[ML ] Weights Snapshot:
      Prox: 0.400 | Sev: 0.314 | Wind: -0.247
      Bat : 0.300 | Wat: 0.300 | Obs : -0.532
      тЪая╕П  WARNING: Resource weights near floor (Risk of Stranding)
==================================================

[GA Eval] Gen 9: Ext:31, SevBonus:106.0, Stranded:0
[System] ЁЯУ╕ Chart saved to plots/gen_9_frame_6600.png
Dispatch: Fire (3, 17) -> Bot 1
[Learn] Label:1 Pred:0.81 -> NewWeights:[ 0.408  0.32   0.307  0.306 -0.532 -0.246  0.524]
[Learn] Label:0 Pred:0.82 -> NewWeights:[ 0.4    0.293  0.3    0.3   -0.532 -0.254  0.485]
Dispatch: Fire (1, 15) -> Bot 2
Dispatch: Fire (11, 4) -> Bot 0
[Learn] Label:1 Pred:0.78 -> NewWeights:[ 0.407  0.297  0.309  0.308 -0.532 -0.252  0.495]
[Learn] Label:1 Pred:0.74 -> NewWeights:[ 0.41   0.301  0.321  0.32  -0.532 -0.24   0.507]
[Learn] Label:0 Pred:0.75 -> NewWeights:[ 0.402  0.289  0.3    0.3   -0.532 -0.276  0.471]

==================================================
 FRAME: 6800 | GEN: 9 | INDIVIDUAL: 2
--------------------------------------------------
[ENV] Active Fires: 0 | Total Extinguished: 198
[BOT] Idle: 3 | Stranded: 0 | Moving: 0
[GA ] Radius: 4 | Penalty: 3629.9 | IdleSum (ч┤пшобщЧ▓ч╜о): 478
[ML ] Weights Snapshot:
      Prox: 0.402 | Sev: 0.289 | Wind: -0.276
      Bat : 0.300 | Wat: 0.300 | Obs : -0.532
      тЪая╕П  WARNING: Resource weights near floor (Risk of Stranding)
==================================================

[GA Eval] Gen 9: Ext:16, SevBonus:41.0, Stranded:0
[System] ЁЯУ╕ Chart saved to plots/gen_9_frame_6800.png
Spontaneous ignition at (36, 11)!
Dispatch: Fire (35, 10) -> Bot 0

==================================================
 FRAME: 7000 | GEN: 9 | INDIVIDUAL: 3
--------------------------------------------------
[ENV] Active Fires: 5 | Total Extinguished: 198
[BOT] Idle: 2 | Stranded: 0 | Moving: 1
[GA ] Radius: 3 | Penalty: 3367.5 | IdleSum (ч┤пшобщЧ▓ч╜о): 599
[ML ] Weights Snapshot:
      Prox: 0.402 | Sev: 0.289 | Wind: -0.276
      Bat : 0.300 | Wat: 0.300 | Obs : -0.532
      тЪая╕П  WARNING: Resource weights near floor (Risk of Stranding)
==================================================

[GA Eval] Gen 9: Ext:0, SevBonus:0.0, Stranded:0
[System] ЁЯУ╕ Chart saved to plots/gen_9_frame_7000.png
[Learn] Label:1 Pred:0.84 -> NewWeights:[ 0.404  0.293  0.308  0.308 -0.532 -0.284  0.479]
[Learn] Label:1 Pred:0.84 -> NewWeights:[ 0.407  0.297  0.315  0.315 -0.532 -0.291  0.486]
[Learn] Label:1 Pred:0.85 -> NewWeights:[ 0.41   0.301  0.323  0.323 -0.532 -0.299  0.494]
[Learn] Label:1 Pred:0.85 -> NewWeights:[ 0.412  0.305  0.33   0.33  -0.532 -0.306  0.501]
[Learn] Label:1 Pred:0.86 -> NewWeights:[ 0.415  0.309  0.337  0.337 -0.532 -0.313  0.508]
[Learn] Label:1 Pred:0.86 -> NewWeights:[ 0.417  0.313  0.343  0.343 -0.532 -0.319  0.515]
Spontaneous ignition at (32, 3)!
Dispatch: Fire (32, 3) -> Bot 0
[Learn] Label:0 Pred:0.80 -> NewWeights:[ 0.4    0.309  0.305  0.305 -0.537 -0.335  0.476]

==================================================
 FRAME: 7200 | GEN: 9 | INDIVIDUAL: 4
--------------------------------------------------
[ENV] Active Fires: 0 | Total Extinguished: 214
[BOT] Idle: 3 | Stranded: 0 | Moving: 0
[GA ] Radius: 3 | Penalty: 3367.5 | IdleSum (ч┤пшобщЧ▓ч╜о): 513
[ML ] Weights Snapshot:
      Prox: 0.400 | Sev: 0.309 | Wind: -0.335
      Bat : 0.305 | Wat: 0.305 | Obs : -0.537
      тЪая╕П  WARNING: Resource weights near floor (Risk of Stranding)
==================================================

[GA Eval] Gen 9: Ext:16, SevBonus:51.0, Stranded:0
[System] ЁЯУ╕ Chart saved to plots/gen_9_frame_7200.png
--- Generation 9 Complete ---
Best Genome: Penalty=3367.5, Radius=4, Score=620.0

==================================================
 FRAME: 7400 | GEN: 10 | INDIVIDUAL: 1
--------------------------------------------------
[ENV] Active Fires: 0 | Total Extinguished: 214
[BOT] Idle: 3 | Stranded: 0 | Moving: 0
[GA ] Radius: 4 | Penalty: 3367.5 | IdleSum (ч┤пшобщЧ▓ч╜о): 1583
[ML ] Weights Snapshot:
      Prox: 0.400 | Sev: 0.309 | Wind: -0.335
      Bat : 0.305 | Wat: 0.305 | Obs : -0.537
      тЪая╕П  WARNING: Resource weights near floor (Risk of Stranding)
==================================================

[GA Eval] Gen 10: Ext:0, SevBonus:106.0, Stranded:0
[System] ЁЯУ╕ Chart saved to plots/gen_10_frame_7400.png
Spontaneous ignition at (19, 2)!
Dispatch: Fire (19, 2) -> Bot 1
[Learn] Label:1 Pred:0.76 -> NewWeights:[ 0.404  0.31   0.316  0.316 -0.535 -0.333  0.488]
Spontaneous ignition at (6, 22)!
Dispatch: Fire (6, 22) -> Bot 1
[Learn] Label:0 Pred:0.84 -> NewWeights:[ 0.4    0.306  0.3    0.3   -0.54  -0.292  0.447]

==================================================
 FRAME: 7600 | GEN: 10 | INDIVIDUAL: 2
--------------------------------------------------
[ENV] Active Fires: 2 | Total Extinguished: 217
[BOT] Idle: 3 | Stranded: 0 | Moving: 0
[GA ] Radius: 4 | Penalty: 3606.5 | IdleSum (ч┤пшобщЧ▓ч╜о): 508
[ML ] Weights Snapshot:
      Prox: 0.400 | Sev: 0.306 | Wind: -0.292
      Bat : 0.300 | Wat: 0.300 | Obs : -0.540
      тЪая╕П  WARNING: Resource weights near floor (Risk of Stranding)
==================================================

[GA Eval] Gen 10: Ext:3, SevBonus:5.0, Stranded:0
[System] ЁЯУ╕ Chart saved to plots/gen_10_frame_7600.png
Dispatch: Fire (7, 20) -> Bot 2
[Learn] Label:1 Pred:0.80 -> NewWeights:[ 0.407  0.31   0.31   0.31  -0.539 -0.291  0.457]
[Learn] Label:0 Pred:0.81 -> NewWeights:[ 0.4    0.293  0.3    0.3   -0.543 -0.296  0.418]

==================================================
 FRAME: 7800 | GEN: 10 | INDIVIDUAL: 3
--------------------------------------------------
[ENV] Active Fires: 0 | Total Extinguished: 221
[BOT] Idle: 3 | Stranded: 0 | Moving: 0
[GA ] Radius: 4 | Penalty: 3367.5 | IdleSum (ч┤пшобщЧ▓ч╜о): 556
[ML ] Weights Snapshot:
      Prox: 0.400 | Sev: 0.293 | Wind: -0.296
      Bat : 0.300 | Wat: 0.300 | Obs : -0.543
      тЪая╕П  WARNING: Resource weights near floor (Risk of Stranding)
==================================================

[GA Eval] Gen 10: Ext:4, SevBonus:8.0, Stranded:0
[System] ЁЯУ╕ Chart saved to plots/gen_10_frame_7800.png

==================================================
 FRAME: 8000 | GEN: 10 | INDIVIDUAL: 4
--------------------------------------------------
[ENV] Active Fires: 0 | Total Extinguished: 221
[BOT] Idle: 3 | Stranded: 0 | Moving: 0
[GA ] Radius: 4 | Penalty: 3290.9 | IdleSum (ч┤пшобщЧ▓ч╜о): 600
[ML ] Weights Snapshot:
      Prox: 0.400 | Sev: 0.293 | Wind: -0.296
      Bat : 0.300 | Wat: 0.300 | Obs : -0.543
      тЪая╕П  WARNING: Resource weights near floor (Risk of Stranding)
==================================================

[GA Eval] Gen 10: Ext:0, SevBonus:0.0, Stranded:0
[System] ЁЯУ╕ Chart saved to plots/gen_10_frame_8000.png
--- Generation 10 Complete ---
Best Genome: Penalty=3367.5, Radius=4, Score=80.0

==================================================
 FRAME: 8200 | GEN: 11 | INDIVIDUAL: 1
--------------------------------------------------
[ENV] Active Fires: 0 | Total Extinguished: 221
[BOT] Idle: 3 | Stranded: 0 | Moving: 0
[GA ] Radius: 4 | Penalty: 3367.5 | IdleSum (ч┤пшобщЧ▓ч╜о): 1156
[ML ] Weights Snapshot:
      Prox: 0.400 | Sev: 0.293 | Wind: -0.296
      Bat : 0.300 | Wat: 0.300 | Obs : -0.543
      тЪая╕П  WARNING: Resource weights near floor (Risk of Stranding)
==================================================

[GA Eval] Gen 11: Ext:0, SevBonus:8.0, Stranded:0
[System] ЁЯУ╕ Chart saved to plots/gen_11_frame_8200.png
Spontaneous ignition at (20, 7)!
Dispatch: Fire (20, 7) -> Bot 1
[Learn] Label:0 Pred:0.77 -> NewWeights:[ 0.4    0.288  0.3    0.3   -0.543 -0.298  0.381]
Spontaneous ignition at (1, 26)!

==================================================
 FRAME: 8400 | GEN: 11 | INDIVIDUAL: 2
--------------------------------------------------
[ENV] Active Fires: 4 | Total Extinguished: 223
[BOT] Idle: 3 | Stranded: 0 | Moving: 0
[GA ] Radius: 3 | Penalty: 3366.2 | IdleSum (ч┤пшобщЧ▓ч╜о): 533
[ML ] Weights Snapshot:
      Prox: 0.400 | Sev: 0.288 | Wind: -0.298
      Bat : 0.300 | Wat: 0.300 | Obs : -0.543
      тЪая╕П  WARNING: Resource weights near floor (Risk of Stranding)
==================================================

[GA Eval] Gen 11: Ext:2, SevBonus:3.0, Stranded:0
[System] ЁЯУ╕ Chart saved to plots/gen_11_frame_8400.png
Dispatch: Fire (1, 25) -> Bot 2
[Learn] Label:1 Pred:0.79 -> NewWeights:[ 0.409  0.294  0.31   0.31  -0.543 -0.292  0.391]

==================================================
 FRAME: 8600 | GEN: 11 | INDIVIDUAL: 3
--------------------------------------------------
[ENV] Active Fires: 0 | Total Extinguished: 228
[BOT] Idle: 3 | Stranded: 0 | Moving: 0
[GA ] Radius: 4 | Penalty: 3367.5 | IdleSum (ч┤пшобщЧ▓ч╜о): 592
[ML ] Weights Snapshot:
      Prox: 0.409 | Sev: 0.294 | Wind: -0.292
      Bat : 0.310 | Wat: 0.310 | Obs : -0.543
==================================================

[GA Eval] Gen 11: Ext:5, SevBonus:13.0, Stranded:0
[System] ЁЯУ╕ Chart saved to plots/gen_11_frame_8600.png
Spontaneous ignition at (2, 9)!
Dispatch: Fire (1, 8) -> Bot 2

==================================================
 FRAME: 8800 | GEN: 11 | INDIVIDUAL: 4
--------------------------------------------------
[ENV] Active Fires: 4 | Total Extinguished: 231
[BOT] Idle: 2 | Stranded: 0 | Moving: 1
[GA ] Radius: 4 | Penalty: 3367.5 | IdleSum (ч┤пшобщЧ▓ч╜о): 579
[ML ] Weights Snapshot:
      Prox: 0.409 | Sev: 0.294 | Wind: -0.292
      Bat : 0.310 | Wat: 0.310 | Obs : -0.543
==================================================

[GA Eval] Gen 11: Ext:3, SevBonus:10.0, Stranded:0
[System] ЁЯУ╕ Chart saved to plots/gen_11_frame_8800.png
--- Generation 11 Complete ---
Best Genome: Penalty=3367.5, Radius=4, Score=100.0
[Learn] Label:1 Pred:0.76 -> NewWeights:[ 0.417  0.302  0.321  0.321 -0.542 -0.281  0.402]
[Learn] Label:1 Pred:0.77 -> NewWeights:[ 0.425  0.309  0.332  0.332 -0.541 -0.271  0.413]
Spontaneous ignition at (13, 28)!
Dispatch: Fire (12, 28) -> Bot 2
[Learn] Label:0 Pred:0.84 -> NewWeights:[ 0.407  0.291  0.3    0.3   -0.541 -0.231  0.373]

==================================================
 FRAME: 9000 | GEN: 12 | INDIVIDUAL: 1
--------------------------------------------------
[ENV] Active Fires: 3 | Total Extinguished: 240
[BOT] Idle: 2 | Stranded: 0 | Moving: 1
[GA ] Radius: 4 | Penalty: 3367.5 | IdleSum (ч┤пшобщЧ▓ч╜о): 1144
[ML ] Weights Snapshot:
      Prox: 0.407 | Sev: 0.291 | Wind: -0.231
      Bat : 0.300 | Wat: 0.300 | Obs : -0.541
      тЪая╕П  WARNING: Resource weights near floor (Risk of Stranding)
==================================================

[GA Eval] Gen 12: Ext:9, SevBonus:36.0, Stranded:0
[System] ЁЯУ╕ Chart saved to plots/gen_12_frame_9000.png
Dispatch: Fire (13, 27) -> Bot 2
Spontaneous ignition at (23, 8)!
[Learn] Label:1 Pred:0.83 -> NewWeights:[ 0.414  0.294  0.308  0.308 -0.541 -0.237  0.381]
Spontaneous ignition at (31, 29)!
[Learn] Label:0 Pred:0.83 -> NewWeights:[ 0.4    0.281  0.3    0.3   -0.541 -0.208  0.342]
Dispatch: Fire (22, 8) -> Bot 0
Dispatch: Fire (30, 29) -> Bot 2
[Learn] Label:1 Pred:0.76 -> NewWeights:[ 0.407  0.284  0.311  0.311 -0.539 -0.204  0.353]
[Learn] Label:1 Pred:0.77 -> NewWeights:[ 0.414  0.288  0.323  0.323 -0.538 -0.2    0.364]
[Learn] Label:1 Pred:0.78 -> NewWeights:[ 0.421  0.292  0.333  0.333 -0.537 -0.2    0.375]
[Learn] Label:0 Pred:0.81 -> NewWeights:[ 0.4    0.283  0.3    0.3   -0.543 -0.2    0.336]

==================================================
 FRAME: 9200 | GEN: 12 | INDIVIDUAL: 2
--------------------------------------------------
[ENV] Active Fires: 0 | Total Extinguished: 252
[BOT] Idle: 3 | Stranded: 0 | Moving: 0
[GA ] Radius: 4 | Penalty: 3555.3 | IdleSum (ч┤пшобщЧ▓ч╜о): 496
[ML ] Weights Snapshot:
      Prox: 0.400 | Sev: 0.283 | Wind: -0.200
      Bat : 0.300 | Wat: 0.300 | Obs : -0.543
      тЪая╕П  WARNING: Resource weights near floor (Risk of Stranding)
==================================================

[GA Eval] Gen 12: Ext:12, SevBonus:24.0, Stranded:0
[System] ЁЯУ╕ Chart saved to plots/gen_12_frame_9200.png
Spontaneous ignition at (28, 15)!
Dispatch: Fire (27, 15) -> Bot 0
[Learn] Label:0 Pred:0.80 -> NewWeights:[ 0.4    0.262  0.3    0.3   -0.543 -0.2    0.298]
Dispatch: Fire (26, 15) -> Bot 1
[Learn] Label:1 Pred:0.77 -> NewWeights:[ 0.407  0.263  0.311  0.311 -0.543 -0.201  0.309]
Spontaneous ignition at (31, 16)!

==================================================
 FRAME: 9400 | GEN: 12 | INDIVIDUAL: 3
--------------------------------------------------
[ENV] Active Fires: 2 | Total Extinguished: 257
[BOT] Idle: 3 | Stranded: 0 | Moving: 0
[GA ] Radius: 4 | Penalty: 3569.7 | IdleSum (ч┤пшобщЧ▓ч╜о): 497
[ML ] Weights Snapshot:
      Prox: 0.407 | Sev: 0.263 | Wind: -0.201
      Bat : 0.311 | Wat: 0.311 | Obs : -0.543
==================================================

[GA Eval] Gen 12: Ext:5, SevBonus:13.0, Stranded:0
[System] ЁЯУ╕ Chart saved to plots/gen_12_frame_9400.png
Spontaneous ignition at (22, 28)!
Dispatch: Fire (31, 16) -> Bot 0
[Learn] Label:1 Pred:0.75 -> NewWeights:[ 0.415  0.266  0.323  0.323 -0.543 -0.2    0.321]
[Learn] Label:1 Pred:0.75 -> NewWeights:[ 0.423  0.268  0.335  0.335 -0.543 -0.2    0.333]
Dispatch: Fire (21, 27) -> Bot 0
[Learn] Label:1 Pred:0.76 -> NewWeights:[ 0.432  0.271  0.346  0.346 -0.543 -0.2    0.345]

==================================================
 FRAME: 9600 | GEN: 12 | INDIVIDUAL: 4
--------------------------------------------------
[ENV] Active Fires: 0 | Total Extinguished: 263
[BOT] Idle: 3 | Stranded: 0 | Moving: 0
[GA ] Radius: 4 | Penalty: 3367.5 | IdleSum (ч┤пшобщЧ▓ч╜о): 539
[ML ] Weights Snapshot:
      Prox: 0.432 | Sev: 0.271 | Wind: -0.200
      Bat : 0.346 | Wat: 0.346 | Obs : -0.543
==================================================

[GA Eval] Gen 12: Ext:6, SevBonus:12.0, Stranded:0
[System] ЁЯУ╕ Chart saved to plots/gen_12_frame_9600.png
--- Generation 12 Complete ---
Best Genome: Penalty=3555.3, Radius=4, Score=240.0
Spontaneous ignition at (27, 7)!
Dispatch: Fire (27, 7) -> Bot 0

==================================================
 FRAME: 9800 | GEN: 13 | INDIVIDUAL: 1
--------------------------------------------------
[ENV] Active Fires: 6 | Total Extinguished: 263
[BOT] Idle: 2 | Stranded: 0 | Moving: 1
[GA ] Radius: 4 | Penalty: 3555.3 | IdleSum (ч┤пшобщЧ▓ч╜о): 1056
[ML ] Weights Snapshot:
      Prox: 0.432 | Sev: 0.271 | Wind: -0.200
      Bat : 0.346 | Wat: 0.346 | Obs : -0.543
==================================================

[GA Eval] Gen 13: Ext:0, SevBonus:24.0, Stranded:0
[System] ЁЯУ╕ Chart saved to plots/gen_13_frame_9800.png
[Learn] Label:0 Pred:0.74 -> NewWeights:[ 0.413  0.263  0.311  0.311 -0.547 -0.235  0.309]
Dispatch: Fire (25, 7) -> Bot 0
[Learn] Label:1 Pred:0.77 -> NewWeights:[ 0.421  0.267  0.322  0.322 -0.547 -0.232  0.32 ]
[Learn] Label:0 Pred:0.78 -> NewWeights:[ 0.4    0.254  0.3    0.3   -0.547 -0.244  0.283]
Spontaneous ignition at (38, 1)!
Spontaneous ignition at (3, 10)!
Spontaneous ignition at (29, 1)!

==================================================
 FRAME: 10000 | GEN: 13 | INDIVIDUAL: 2
--------------------------------------------------
[ENV] Active Fires: 8 | Total Extinguished: 277
[BOT] Idle: 3 | Stranded: 0 | Moving: 0
[GA ] Radius: 4 | Penalty: 3555.3 | IdleSum (ч┤пшобщЧ▓ч╜о): 530
[ML ] Weights Snapshot:
      Prox: 0.400 | Sev: 0.254 | Wind: -0.244
      Bat : 0.300 | Wat: 0.300 | Obs : -0.547
      тЪая╕П  WARNING: Resource weights near floor (Risk of Stranding)
==================================================

[GA Eval] Gen 13: Ext:14, SevBonus:33.0, Stranded:0
[System] ЁЯУ╕ Chart saved to plots/gen_13_frame_10000.png
Dispatch: Fire (28, 1) -> Bot 0
[Learn] Label:1 Pred:0.76 -> NewWeights:[ 0.409  0.262  0.311  0.311 -0.547 -0.235  0.294]
[Learn] Label:0 Pred:0.77 -> NewWeights:[ 0.4    0.237  0.3    0.3   -0.547 -0.266  0.257]
Spontaneous ignition at (30, 27)!
Dispatch: Fire (2, 10) -> Bot 0
Dispatch: Fire (30, 27) -> Bot 1
[Learn] Label:0 Pred:0.71 -> NewWeights:[ 0.4    0.233  0.3    0.3   -0.551 -0.299  0.223]
Dispatch: Fire (29, 27) -> Bot 2
[Learn] Label:1 Pred:0.71 -> NewWeights:[ 0.404  0.241  0.314  0.314 -0.551 -0.291  0.237]
[Learn] Label:1 Pred:0.72 -> NewWeights:[ 0.409  0.248  0.327  0.327 -0.551 -0.284  0.25 ]
[Learn] Label:1 Pred:0.73 -> NewWeights:[ 0.419  0.25   0.34   0.34  -0.551 -0.271  0.263]
[Learn] Label:1 Pred:0.74 -> NewWeights:[ 0.423  0.256  0.352  0.352 -0.551 -0.264  0.275]

==================================================
 FRAME: 10200 | GEN: 13 | INDIVIDUAL: 3
--------------------------------------------------
[ENV] Active Fires: 0 | Total Extinguished: 292
[BOT] Idle: 2 | Stranded: 0 | Moving: 1
[GA ] Radius: 3 | Penalty: 3555.3 | IdleSum (ч┤пшобщЧ▓ч╜о): 484
[ML ] Weights Snapshot:
      Prox: 0.423 | Sev: 0.256 | Wind: -0.264
      Bat : 0.352 | Wat: 0.352 | Obs : -0.551
==================================================

[GA Eval] Gen 13: Ext:15, SevBonus:35.0, Stranded:0
[System] ЁЯУ╕ Chart saved to plots/gen_13_frame_10200.png
Spontaneous ignition at (29, 12)!
Dispatch: Fire (29, 12) -> Bot 1
[Learn] Label:1 Pred:0.73 -> NewWeights:[ 0.431  0.258  0.364  0.364 -0.551 -0.251  0.288]

==================================================
 FRAME: 10400 | GEN: 13 | INDIVIDUAL: 4
--------------------------------------------------
[ENV] Active Fires: 0 | Total Extinguished: 294
[BOT] Idle: 3 | Stranded: 0 | Moving: 0
[GA ] Radius: 4 | Penalty: 3943.9 | IdleSum (ч┤пшобщЧ▓ч╜о): 540
[ML ] Weights Snapshot:
      Prox: 0.431 | Sev: 0.258 | Wind: -0.251
      Bat : 0.364 | Wat: 0.364 | Obs : -0.551
==================================================

[GA Eval] Gen 13: Ext:2, SevBonus:3.0, Stranded:0
[System] ЁЯУ╕ Chart saved to plots/gen_13_frame_10400.png
--- Generation 13 Complete ---
Best Genome: Penalty=3555.3, Radius=3, Score=300.0

==================================================
 FRAME: 10600 | GEN: 14 | INDIVIDUAL: 1
--------------------------------------------------
[ENV] Active Fires: 0 | Total Extinguished: 294
[BOT] Idle: 3 | Stranded: 0 | Moving: 0
[GA ] Radius: 3 | Penalty: 3555.3 | IdleSum (ч┤пшобщЧ▓ч╜о): 1084
[ML ] Weights Snapshot:
      Prox: 0.431 | Sev: 0.258 | Wind: -0.251
      Bat : 0.364 | Wat: 0.364 | Obs : -0.551
==================================================

[GA Eval] Gen 14: Ext:0, SevBonus:35.0, Stranded:0
[System] ЁЯУ╕ Chart saved to plots/gen_14_frame_10600.png

==================================================
 FRAME: 10800 | GEN: 14 | INDIVIDUAL: 2
--------------------------------------------------
[ENV] Active Fires: 0 | Total Extinguished: 294
[BOT] Idle: 3 | Stranded: 0 | Moving: 0
[GA ] Radius: 4 | Penalty: 3555.3 | IdleSum (ч┤пшобщЧ▓ч╜о): 600
[ML ] Weights Snapshot:
      Prox: 0.431 | Sev: 0.258 | Wind: -0.251
      Bat : 0.364 | Wat: 0.364 | Obs : -0.551
==================================================

[GA Eval] Gen 14: Ext:0, SevBonus:0.0, Stranded:0
[System] ЁЯУ╕ Chart saved to plots/gen_14_frame_10800.png
Spontaneous ignition at (14, 12)!
Dispatch: Fire (14, 12) -> Bot 0
[Learn] Label:1 Pred:0.82 -> NewWeights:[ 0.437  0.259  0.373  0.373 -0.55  -0.26   0.296]
[Learn] Label:0 Pred:0.82 -> NewWeights:[ 0.412  0.255  0.334  0.334 -0.554 -0.221  0.257]

==================================================
 FRAME: 11000 | GEN: 14 | INDIVIDUAL: 3
--------------------------------------------------
[ENV] Active Fires: 0 | Total Extinguished: 297
[BOT] Idle: 2 | Stranded: 0 | Moving: 1
[GA ] Radius: 3 | Penalty: 3623.0 | IdleSum (ч┤пшобщЧ▓ч╜о): 560
[ML ] Weights Snapshot:
      Prox: 0.412 | Sev: 0.255 | Wind: -0.221
      Bat : 0.334 | Wat: 0.334 | Obs : -0.554
==================================================

[GA Eval] Gen 14: Ext:3, SevBonus:5.0, Stranded:0
[System] ЁЯУ╕ Chart saved to plots/gen_14_frame_11000.png

==================================================
 FRAME: 11200 | GEN: 14 | INDIVIDUAL: 4
--------------------------------------------------
[ENV] Active Fires: 0 | Total Extinguished: 297
[BOT] Idle: 3 | Stranded: 0 | Moving: 0
[GA ] Radius: 2 | Penalty: 3169.0 | IdleSum (ч┤пшобщЧ▓ч╜о): 587
[ML ] Weights Snapshot:
      Prox: 0.412 | Sev: 0.255 | Wind: -0.221
      Bat : 0.334 | Wat: 0.334 | Obs : -0.554
==================================================

[GA Eval] Gen 14: Ext:0, SevBonus:0.0, Stranded:0
[System] ЁЯУ╕ Chart saved to plots/gen_14_frame_11200.png
--- Generation 14 Complete ---
Best Genome: Penalty=3623.0, Radius=3, Score=60.0
Spontaneous ignition at (21, 11)!
Dispatch: Fire (21, 11) -> Bot 0
[Learn] Label:1 Pred:0.80 -> NewWeights:[ 0.417  0.256  0.343  0.343 -0.554 -0.23   0.267]

==================================================
 FRAME: 11400 | GEN: 15 | INDIVIDUAL: 1
--------------------------------------------------
[ENV] Active Fires: 0 | Total Extinguished: 298
[BOT] Idle: 3 | Stranded: 0 | Moving: 0
[GA ] Radius: 3 | Penalty: 3623.0 | IdleSum (ч┤пшобщЧ▓ч╜о): 1101
[ML ] Weights Snapshot:
      Prox: 0.417 | Sev: 0.256 | Wind: -0.230
      Bat : 0.343 | Wat: 0.343 | Obs : -0.554
==================================================

[GA Eval] Gen 15: Ext:1, SevBonus:6.0, Stranded:0
[System] ЁЯУ╕ Chart saved to plots/gen_15_frame_11400.png
Spontaneous ignition at (15, 3)!
Dispatch: Fire (15, 3) -> Bot 0

==================================================
 FRAME: 11600 | GEN: 15 | INDIVIDUAL: 2
--------------------------------------------------
[ENV] Active Fires: 1 | Total Extinguished: 298
[BOT] Idle: 2 | Stranded: 0 | Moving: 1
[GA ] Radius: 3 | Penalty: 3623.0 | IdleSum (ч┤пшобщЧ▓ч╜о): 599
[ML ] Weights Snapshot:
      Prox: 0.417 | Sev: 0.256 | Wind: -0.230
      Bat : 0.343 | Wat: 0.343 | Obs : -0.554
==================================================

[GA Eval] Gen 15: Ext:0, SevBonus:0.0, Stranded:0
[System] ЁЯУ╕ Chart saved to plots/gen_15_frame_11600.png
[Learn] Label:1 Pred:0.73 -> NewWeights:[ 0.425  0.257  0.356  0.356 -0.553 -0.22   0.28 ]
Spontaneous ignition at (13, 6)!
Spontaneous ignition at (25, 8)!
Dispatch: Fire (25, 8) -> Bot 0
Dispatch: Fire (13, 6) -> Bot 1

==================================================
 FRAME: 11800 | GEN: 15 | INDIVIDUAL: 3
--------------------------------------------------
[ENV] Active Fires: 2 | Total Extinguished: 299
[BOT] Idle: 1 | Stranded: 0 | Moving: 2
[GA ] Radius: 3 | Penalty: 3561.7 | IdleSum (ч┤пшобщЧ▓ч╜о): 556
[ML ] Weights Snapshot:
      Prox: 0.425 | Sev: 0.257 | Wind: -0.220
      Bat : 0.356 | Wat: 0.356 | Obs : -0.553
==================================================

[GA Eval] Gen 15: Ext:1, SevBonus:1.0, Stranded:0
[System] ЁЯУ╕ Chart saved to plots/gen_15_frame_11800.png
Spontaneous ignition at (9, 19)!
[Learn] Label:0 Pred:0.74 -> NewWeights:[ 0.406  0.253  0.321  0.321 -0.557 -0.242  0.245]
[Learn] Label:1 Pred:0.79 -> NewWeights:[ 0.411  0.254  0.331  0.331 -0.556 -0.252  0.255]
Dispatch: Fire (9, 19) -> Bot 0
Spontaneous ignition at (29, 14)!
Dispatch: Fire (29, 14) -> Bot 1
Dispatch: Fire (30, 12) -> Bot 2
[Learn] Label:0 Pred:0.73 -> NewWeights:[ 0.4    0.243  0.3    0.3   -0.556 -0.287  0.22 ]
[Learn] Label:0 Pred:0.77 -> NewWeights:[ 0.4    0.231  0.3    0.3   -0.556 -0.281  0.184]
[Learn] Label:1 Pred:0.70 -> NewWeights:[ 0.404  0.232  0.314  0.314 -0.556 -0.278  0.198]
Dispatch: Fire (27, 12) -> Bot 0
Dispatch: Fire (30, 11) -> Bot 1
[Learn] Label:0 Pred:0.74 -> NewWeights:[ 0.4    0.228  0.3    0.3   -0.556 -0.289  0.162]
[Learn] Label:1 Pred:0.75 -> NewWeights:[ 0.407  0.231  0.309  0.311 -0.556 -0.295  0.174]
[Learn] Label:1 Pred:0.76 -> NewWeights:[ 0.415  0.233  0.317  0.322 -0.556 -0.299  0.185]
[Learn] Label:1 Pred:0.77 -> NewWeights:[ 0.422  0.236  0.326  0.333 -0.556 -0.304  0.196]
[Learn] Label:1 Pred:0.77 -> NewWeights:[ 0.429  0.238  0.334  0.343 -0.556 -0.309  0.207]

==================================================
 FRAME: 12000 | GEN: 15 | INDIVIDUAL: 4
--------------------------------------------------
[ENV] Active Fires: 0 | Total Extinguished: 312
[BOT] Idle: 3 | Stranded: 0 | Moving: 0
[GA ] Radius: 2 | Penalty: 3211.0 | IdleSum (ч┤пшобщЧ▓ч╜о): 393
[ML ] Weights Snapshot:
      Prox: 0.429 | Sev: 0.238 | Wind: -0.309
      Bat : 0.334 | Wat: 0.343 | Obs : -0.556
==================================================

[GA Eval] Gen 15: Ext:13, SevBonus:23.0, Stranded:0
[System] ЁЯУ╕ Chart saved to plots/gen_15_frame_12000.png
--- Generation 15 Complete ---
Best Genome: Penalty=3211.0, Radius=2, Score=260.0

==================================================
 FRAME: 12200 | GEN: 16 | INDIVIDUAL: 1
--------------------------------------------------
[ENV] Active Fires: 0 | Total Extinguished: 312
[BOT] Idle: 3 | Stranded: 0 | Moving: 0
[GA ] Radius: 2 | Penalty: 3211.0 | IdleSum (ч┤пшобщЧ▓ч╜о): 967
[ML ] Weights Snapshot:
      Prox: 0.429 | Sev: 0.238 | Wind: -0.309
      Bat : 0.334 | Wat: 0.343 | Obs : -0.556
==================================================

[GA Eval] Gen 16: Ext:0, SevBonus:23.0, Stranded:0
[System] ЁЯУ╕ Chart saved to plots/gen_16_frame_12200.png
Spontaneous ignition at (14, 2)!

==================================================
 FRAME: 12400 | GEN: 16 | INDIVIDUAL: 2
--------------------------------------------------
[ENV] Active Fires: 6 | Total Extinguished: 312
[BOT] Idle: 3 | Stranded: 0 | Moving: 0
[GA ] Radius: 3 | Penalty: 3211.0 | IdleSum (ч┤пшобщЧ▓ч╜о): 600
[ML ] Weights Snapshot:
      Prox: 0.429 | Sev: 0.238 | Wind: -0.309
      Bat : 0.334 | Wat: 0.343 | Obs : -0.556
==================================================

[GA Eval] Gen 16: Ext:0, SevBonus:0.0, Stranded:0
[System] ЁЯУ╕ Chart saved to plots/gen_16_frame_12400.png
Spontaneous ignition at (31, 3)!
Dispatch: Fire (31, 3) -> Bot 0
[Learn] Label:0 Pred:0.74 -> NewWeights:[ 0.4    0.234  0.3    0.308 -0.56  -0.325  0.172]
Dispatch: Fire (13, 1) -> Bot 1
Dispatch: Fire (11, 2) -> Bot 2
